Starting script at Sat Jan 11 02:10:03 PM CST 2025
Path validation successful: /home/mlj/utono/rpd
[INFO] Synced /home/mlj/utono/rpd/kbd/usr/share/kbd/keymaps/i386/dvorak/real_prog_dvorak.map.gz -> /usr/share/kbd/keymaps/i386/dvorak/
[INFO] Synced /home/mlj/utono/rpd/kbd/usr/share/kbd/keymaps/i386/dvorak/real_prog_dvorak.map.gz -> /usr/share/kbd/keymaps/i386/dvorak/
[INFO] Removed existing /etc/vconsole.conf
[INFO] Removed existing /etc/vconsole.conf
[INFO] Copied /home/mlj/utono/rpd/etc/vconsole.conf -> /etc/vconsole.conf
[INFO] Copied /home/mlj/utono/rpd/etc/vconsole.conf -> /etc/vconsole.conf
[INFO] Synced /home/mlj/utono/rpd/xkb/usr/share/X11/xkb/symbols/real_prog_dvorak -> /usr/share/X11/xkb/symbols/
[INFO] Synced /home/mlj/utono/rpd/xkb/usr/share/X11/xkb/symbols/real_prog_dvorak -> /usr/share/X11/xkb/symbols/
Do you want to apply Hyprland keyboard configuration? (y/N): 
ok
ok
[INFO] Hyprland keyboard configuration applied.
[INFO] Hyprland keyboard configuration applied.
[INFO] Linked /home/mlj/utono/rpd/etc/keyd/default.conf -> /etc/keyd/default.conf
[INFO] Linked /home/mlj/utono/rpd/etc/keyd/default.conf -> /etc/keyd/default.conf
Script completed at Sat Jan 11 02:10:07 PM CST 2025
The script has completed. For detailed logs, refer to the file: /home/mlj/utono/rpd/keyd-configuration.log
Starting script at Sat Jan 11 02:42:16 PM CST 2025
Path validation successful: /home/mlj/utono/rpd
[INFO] Synced /home/mlj/utono/rpd/kbd/usr/share/kbd/keymaps/i386/dvorak/real_prog_dvorak.map.gz -> /usr/share/kbd/keymaps/i386/dvorak/
[INFO] Synced /home/mlj/utono/rpd/kbd/usr/share/kbd/keymaps/i386/dvorak/real_prog_dvorak.map.gz -> /usr/share/kbd/keymaps/i386/dvorak/
[INFO] Removed existing /etc/vconsole.conf
[INFO] Removed existing /etc/vconsole.conf
[INFO] Copied /home/mlj/utono/rpd/etc/vconsole.conf -> /etc/vconsole.conf
[INFO] Copied /home/mlj/utono/rpd/etc/vconsole.conf -> /etc/vconsole.conf
[INFO] Synced /home/mlj/utono/rpd/xkb/usr/share/X11/xkb/symbols/real_prog_dvorak -> /usr/share/X11/xkb/symbols/
[INFO] Synced /home/mlj/utono/rpd/xkb/usr/share/X11/xkb/symbols/real_prog_dvorak -> /usr/share/X11/xkb/symbols/
Do you want to apply Hyprland keyboard configuration? (y/N): 
ok
ok
[INFO] Hyprland keyboard configuration applied.
[INFO] Hyprland keyboard configuration applied.
[INFO] Linked /home/mlj/utono/rpd/etc/keyd/default.conf -> /etc/keyd/default.conf
[INFO] Linked /home/mlj/utono/rpd/etc/keyd/default.conf -> /etc/keyd/default.conf
Script completed at Sat Jan 11 02:42:23 PM CST 2025
The script has completed. For detailed logs, refer to the file: /home/mlj/utono/rpd/keyd-configuration.log
Starting script at Sat Jan 11 02:47:15 PM CST 2025
Path validation successful: /home/mlj/utono/rpd
[INFO] Synced /home/mlj/utono/rpd/kbd/usr/share/kbd/keymaps/i386/dvorak/real_prog_dvorak.map.gz -> /usr/share/kbd/keymaps/i386/dvorak/
[INFO] Synced /home/mlj/utono/rpd/kbd/usr/share/kbd/keymaps/i386/dvorak/real_prog_dvorak.map.gz -> /usr/share/kbd/keymaps/i386/dvorak/
[INFO] Removed existing /etc/vconsole.conf
[INFO] Removed existing /etc/vconsole.conf
[INFO] Copied /home/mlj/utono/rpd/etc/vconsole.conf -> /etc/vconsole.conf
[INFO] Copied /home/mlj/utono/rpd/etc/vconsole.conf -> /etc/vconsole.conf
[INFO] Synced /home/mlj/utono/rpd/xkb/usr/share/X11/xkb/symbols/real_prog_dvorak -> /usr/share/X11/xkb/symbols/
[INFO] Synced /home/mlj/utono/rpd/xkb/usr/share/X11/xkb/symbols/real_prog_dvorak -> /usr/share/X11/xkb/symbols/
Do you want to apply Hyprland keyboard configuration? (y/N): 
ok
ok
[INFO] Hyprland keyboard configuration applied.
[INFO] Hyprland keyboard configuration applied.
[INFO] Linked /home/mlj/utono/rpd/etc/keyd/default.conf -> /etc/keyd/default.conf
[INFO] Linked /home/mlj/utono/rpd/etc/keyd/default.conf -> /etc/keyd/default.conf
Script completed at Sat Jan 11 02:47:21 PM CST 2025
The script has completed. For detailed logs, refer to the file: /home/mlj/utono/rpd/keyd-configuration.log
Starting script at Sat Jan 11 02:49:17 PM CST 2025
Path validation successful: /home/mlj/utono/rpd
[INFO] Synced /home/mlj/utono/rpd/kbd/usr/share/kbd/keymaps/i386/dvorak/real_prog_dvorak.map.gz -> /usr/share/kbd/keymaps/i386/dvorak/
[INFO] Synced /home/mlj/utono/rpd/kbd/usr/share/kbd/keymaps/i386/dvorak/real_prog_dvorak.map.gz -> /usr/share/kbd/keymaps/i386/dvorak/
[INFO] Removed existing /etc/vconsole.conf
[INFO] Removed existing /etc/vconsole.conf
[INFO] Copied /home/mlj/utono/rpd/etc/vconsole.conf -> /etc/vconsole.conf
[INFO] Copied /home/mlj/utono/rpd/etc/vconsole.conf -> /etc/vconsole.conf
[INFO] Synced /home/mlj/utono/rpd/xkb/usr/share/X11/xkb/symbols/real_prog_dvorak -> /usr/share/X11/xkb/symbols/
[INFO] Synced /home/mlj/utono/rpd/xkb/usr/share/X11/xkb/symbols/real_prog_dvorak -> /usr/share/X11/xkb/symbols/
Do you want to apply Hyprland keyboard configuration? (y/N): 
ok
ok
[INFO] Hyprland keyboard configuration applied.
[INFO] Hyprland keyboard configuration applied.
[INFO] Linked /home/mlj/utono/rpd/etc/keyd/default.conf -> /etc/keyd/default.conf
[INFO] Linked /home/mlj/utono/rpd/etc/keyd/default.conf -> /etc/keyd/default.conf
Script completed at Sat Jan 11 02:49:23 PM CST 2025
The script has completed. For detailed logs, refer to the file: /home/mlj/utono/rpd/keyd-configuration.log
